<?xml version="1.0" encoding="UTF-8"?>
<beans xmlns="http://www.springframework.org/schema/beans"
    xmlns:xsi="http://www.w3.org/2001/XMLSchema-instance"
    xsi:schemaLocation="
            http://www.springframework.org/schema/beans
            http://www.springframework.org/schema/beans/spring-beans-3.2.xsd
            http://www.springframework.org/schema/tx
            http://www.springframework.org/schema/tx/spring-tx-3.2.xsd">

 
<beans profile="test1">
    <bean id="prod" class="java.lang.String">
        <constructor-arg value="test profile NUMBER 1"></constructor-arg>
        <qualifier value="profileBean"></qualifier>
    </bean>
</beans>
 

</beans>
