<?xml version="1.0" encoding="UTF-8"?>
<beans xmlns="http://www.springframework.org/schema/beans"
    xmlns:xsi="http://www.w3.org/2001/XMLSchema-instance"
    xsi:schemaLocation="
            http://www.springframework.org/schema/beans
            http://www.springframework.org/schema/beans/spring-beans-3.2.xsd
            http://www.springframework.org/schema/tx
            http://www.springframework.org/schema/tx/spring-tx-3.2.xsd">

  
<beans profile="prod">
    <bean id="prod" class="java.lang.String">
        <constructor-arg value="production profile"></constructor-arg>
        <qualifier value="profileBean"></qualifier>
    </bean>
</beans>

<beans profile="test">
    <bean id="prod" class="java.lang.String">
        <constructor-arg value="test profile"></constructor-arg>
        <qualifier value="profileBean"></qualifier>
    </bean>
</beans>
<!--
     <bean id="prod" class="java.lang.String">
        <constructor-arg value="production profile"></constructor-arg>
    </bean>
 -->
     
 
</beans>
